<?xml version="1.0" encoding="UTF-8"?>
<!-- Generated by org.testng.reporters.JUnitXMLReporter -->
<testsuite ignored="0" hostname="AGTLT082" failures="0" tests="3" name="Default test" time="55.762" errors="0" timestamp="2025-11-10T20:19:10 IST">
  <testcase classname="testcase.TC001_login" name="start" time="17.821"/>
  <testcase classname="org.demo.Start" name="start" time="0.003"/>
  <testcase classname="testcase.TC002_addresource" name="adduser" time="0.005"/>
</testsuite> <!-- Default test -->
