<?xml version="1.0" encoding="UTF-8"?>
<testng-results ignored="0" total="1" passed="1" failed="0" skipped="0">
  <reporter-output>
  </reporter-output>
  <suite started-at="2026-02-23T20:44:43 IST" name="Default suite" finished-at="2026-02-23T20:46:07 IST" duration-ms="83983">
    <groups>
    </groups>
    <test started-at="2026-02-23T20:44:43 IST" name="Default test" finished-at="2026-02-23T20:46:07 IST" duration-ms="83983">
      <class name="testcase.TC002_CustomerTest">
        <test-method is-config="true" signature="startReport()[pri:0, instance:testcase.TC002_CustomerTest@279fedbd]" started-at="2026-02-23T20:44:42 IST" name="startReport" finished-at="2026-02-23T20:44:43 IST" duration-ms="1442" status="PASS">
          <reporter-output>
          </reporter-output>
        </test-method> <!-- startReport -->
        <test-method is-config="true" signature="setUp()[pri:0, instance:testcase.TC002_CustomerTest@279fedbd]" started-at="2026-02-23T20:44:44 IST" name="setUp" finished-at="2026-02-23T20:44:59 IST" duration-ms="15271" status="PASS">
          <reporter-output>
          </reporter-output>
        </test-method> <!-- setUp -->
        <test-method is-config="true" signature="createTest(java.lang.reflect.Method)[pri:0, instance:testcase.TC002_CustomerTest@279fedbd]" started-at="2026-02-23T20:45:05 IST" name="createTest" finished-at="2026-02-23T20:45:05 IST" duration-ms="27" status="PASS">
          <params>
            <param index="0">
              <value>
                <![CDATA[public void testcase.TC002_CustomerTest.addcustomer(java.lang.String,java.lang.String,java.lang.String)]]>
              </value>
            </param>
          </params>
          <reporter-output>
          </reporter-output>
        </test-method> <!-- createTest -->
        <test-method signature="addcustomer(java.lang.String,java.lang.String,java.lang.String)[pri:0, instance:testcase.TC002_CustomerTest@279fedbd]" started-at="2026-02-23T20:45:05 IST" name="addcustomer" data-provider="customerData" finished-at="2026-02-23T20:45:34 IST" duration-ms="29069" status="PASS">
          <params>
            <param index="0">
              <value>
                <![CDATA[Apple]]>
              </value>
            </param>
            <param index="1">
              <value>
                <![CDATA[Apple@mail.com]]>
              </value>
            </param>
            <param index="2">
              <value>
                <![CDATA[647845555]]>
              </value>
            </param>
          </params>
          <reporter-output>
          </reporter-output>
        </test-method> <!-- addcustomer -->
        <test-method is-config="true" signature="captureResult(org.testng.ITestResult)[pri:0, instance:testcase.TC002_CustomerTest@279fedbd]" started-at="2026-02-23T20:45:34 IST" name="captureResult" finished-at="2026-02-23T20:45:35 IST" duration-ms="55" status="PASS">
          <params>
            <param index="0">
              <value>
                <![CDATA[[TestResult name=addcustomer status=SUCCESS method=TC002_CustomerTest.addcustomer(java.lang.String,java.lang.String,java.lang.String)[pri:0, instance:testcase.TC002_CustomerTest@279fedbd] output={null}]]]>
              </value>
            </param>
          </params>
          <reporter-output>
          </reporter-output>
        </test-method> <!-- captureResult -->
        <test-method is-config="true" signature="tearout()[pri:0, instance:testcase.TC002_CustomerTest@279fedbd]" started-at="2026-02-23T20:45:35 IST" name="tearout" finished-at="2026-02-23T20:46:07 IST" duration-ms="32688" status="PASS">
          <reporter-output>
          </reporter-output>
        </test-method> <!-- tearout -->
        <test-method is-config="true" signature="endReport()[pri:0, instance:testcase.TC002_CustomerTest@279fedbd]" started-at="2026-02-23T20:46:09 IST" name="endReport" finished-at="2026-02-23T20:46:14 IST" duration-ms="4846" status="PASS">
          <reporter-output>
          </reporter-output>
        </test-method> <!-- endReport -->
      </class> <!-- testcase.TC002_CustomerTest -->
    </test> <!-- Default test -->
  </suite> <!-- Default suite -->
</testng-results>
